2022-03-27 16:48:31.037 ERROR org.apache.catalina.core.AprLifecycleListener     :173  [32m                  [0;39m An incompatible version [1.1.24] of the Apache Tomcat Native library is installed, while Tomcat requires version [1.2.14]
2022-03-27 16:48:33.461 ERROR o.s.b.diagnostics.LoggingFailureAnalysisReporter  :40   [32m                  [0;39m 

***************************
APPLICATION FAILED TO START
***************************

Description:

A component required a bean of type 'com.jiawa.wiki.service.TestService' that could not be found.


Action:

Consider defining a bean of type 'com.jiawa.wiki.service.TestService' in your configuration.

2022-03-27 16:49:57.099 ERROR org.apache.catalina.core.AprLifecycleListener     :173  [32m                  [0;39m An incompatible version [1.1.24] of the Apache Tomcat Native library is installed, while Tomcat requires version [1.2.14]
2022-03-27 16:49:59.116 ERROR o.s.b.diagnostics.LoggingFailureAnalysisReporter  :40   [32m                  [0;39m 

***************************
APPLICATION FAILED TO START
***************************

Description:

A component required a bean of type 'com.jiawa.wiki.service.TestService' that could not be found.


Action:

Consider defining a bean of type 'com.jiawa.wiki.service.TestService' in your configuration.

2022-03-27 16:55:26.403 ERROR org.apache.catalina.core.AprLifecycleListener     :173  [32m                  [0;39m An incompatible version [1.1.24] of the Apache Tomcat Native library is installed, while Tomcat requires version [1.2.14]
2022-03-27 16:55:28.997 ERROR o.s.b.diagnostics.LoggingFailureAnalysisReporter  :40   [32m                  [0;39m 

***************************
APPLICATION FAILED TO START
***************************

Description:

A component required a bean of type 'com.jiawa.wiki.service.TestService' that could not be found.


Action:

Consider defining a bean of type 'com.jiawa.wiki.service.TestService' in your configuration.

2022-03-27 17:04:17.414 ERROR org.apache.catalina.core.AprLifecycleListener     :173  [32m                  [0;39m An incompatible version [1.1.24] of the Apache Tomcat Native library is installed, while Tomcat requires version [1.2.14]
